2025-04-04 02:25:41.754386 - Received CBT.V508.FILE040.PDS from FILE040.XMI 
2025-04-04 02:25:41.755309 - Found $$$#DATE.txt (text/plain) in CBT.V508.FILE040.PDS, moved to PDS/$$$#DATE
2025-04-04 02:25:41.755502 - Found $$DOC.txt (text/plain) in CBT.V508.FILE040.PDS, moved to PDS/$$DOC
2025-04-04 02:25:41.755645 - Found @FILE040.txt (text/plain) in CBT.V508.FILE040.PDS, moved to PDS/@FILE040
2025-04-04 02:25:41.755778 - Found DBACONSL.txt (text/plain) in CBT.V508.FILE040.PDS, moved to PDS/DBACONSL
2025-04-04 02:25:41.755900 - Found DBAIOB.txt (text/plain) in CBT.V508.FILE040.PDS, moved to PDS/DBAIOB
2025-04-04 02:25:41.756020 - Found LKEDIN.txt (text/plain) in CBT.V508.FILE040.PDS, moved to PDS/LKEDIN
2025-04-04 02:25:41.756160 - Found MOREDOC.txt (text/plain) in CBT.V508.FILE040.PDS, moved to PDS/MOREDOC
2025-04-04 02:25:41.756379 - Found PDSCLEAN.txt (text/plain) in CBT.V508.FILE040.PDS, moved to PDS/PDSCLEAN
2025-04-04 02:25:41.756540 - Found PDSPDS.txt (text/plain) in CBT.V508.FILE040.PDS, moved to PDS/PDSPDS
2025-04-04 02:25:41.756661 - Found PROCGEN.txt (text/plain) in CBT.V508.FILE040.PDS, moved to PDS/PROCGEN
2025-04-04 02:25:41.756785 - Found PROCPDS.txt (text/plain) in CBT.V508.FILE040.PDS, moved to PDS/PROCPDS
2025-04-04 02:25:41.756913 - Found RDOC72.txt (text/plain) in CBT.V508.FILE040.PDS, moved to PDS/RDOC72
2025-04-04 02:25:41.757043 - Found RDOC72UM.txt (text/plain) in CBT.V508.FILE040.PDS, moved to PDS/RDOC72UM
2025-04-04 02:25:41.757162 - Found REGS.txt (text/plain) in CBT.V508.FILE040.PDS, moved to PDS/REGS
2025-04-04 02:25:41.757295 - Found SPGEN.txt (text/plain) in CBT.V508.FILE040.PDS, moved to PDS/SPGEN
2025-04-04 02:25:41.757444 - Found SUPERGEN.txt (text/plain) in CBT.V508.FILE040.PDS, moved to PDS/SUPERGEN
2025-04-04 02:25:41.757563 - Found VDBS$DDF.txt (text/plain) in CBT.V508.FILE040.PDS, moved to PDS/VDBS$DDF
2025-04-04 02:25:41.757728 - Found VDBS$HEX.txt (text/plain) in CBT.V508.FILE040.PDS, moved to PDS/VDBS$HEX
2025-04-04 02:25:41.757853 - Found XPDS.txt (text/plain) in CBT.V508.FILE040.PDS, moved to PDS/XPDS
